<?xml version="1.0" encoding="UTF-8"?>
<coverage generated="1599403754834" clover="3.2.0">
  <project timestamp="1599403754834" name="All files">
    <metrics statements="13" coveredstatements="7" conditionals="4" coveredconditionals="2" methods="4" coveredmethods="2" elements="21" coveredelements="11" complexity="0" loc="13" ncloc="13" packages="1" files="2" classes="2"/>
    <file name="groupByProperty.js" path="/home/myros/Desktop/javascript_playground/utils/groupByProperty.js">
      <metrics statements="7" coveredstatements="1" conditionals="2" coveredconditionals="0" methods="2" coveredmethods="0"/>
      <line num="16" count="1" type="stmt"/>
      <line num="17" count="0" type="stmt"/>
      <line num="19" count="0" type="stmt"/>
      <line num="20" count="0" type="cond" truecount="0" falsecount="2"/>
      <line num="22" count="0" type="stmt"/>
      <line num="25" count="0" type="stmt"/>
      <line num="30" count="0" type="stmt"/>
    </file>
    <file name="sum.js" path="/home/myros/Desktop/javascript_playground/utils/sum.js">
      <metrics statements="6" coveredstatements="6" conditionals="2" coveredconditionals="2" methods="2" coveredmethods="2"/>
      <line num="1" count="1" type="stmt"/>
      <line num="2" count="2" type="stmt"/>
      <line num="3" count="2" type="stmt"/>
      <line num="4" count="2" type="cond" truecount="2" falsecount="0"/>
      <line num="5" count="4" type="stmt"/>
      <line num="6" count="1" type="stmt"/>
    </file>
  </project>
</coverage>
