{"/home/myros/projects/javascript_playground/utils/addMean.js": {"path":"/home/myros/projects/javascript_playground/utils/addMean.js","statementMap":{"0":{"start":{"line":7,"column":16},"end":{"line":18,"column":1}},"1":{"start":{"line":9,"column":22},"end":{"line":9,"column":59}},"2":{"start":{"line":9,"column":42},"end":{"line":9,"column":58}},"3":{"start":{"line":11,"column":19},"end":{"line":11,"column":38}},"4":{"start":{"line":12,"column":15},"end":{"line":12,"column":38}},"5":{"start":{"line":15,"column":2},"end":{"line":15,"column":19}},"6":{"start":{"line":16,"column":2},"end":{"line":16,"column":20}},"7":{"start":{"line":17,"column":2},"end":{"line":17,"column":14}}},"fnMap":{"0":{"name":"(anonymous_0)","decl":{"start":{"line":7,"column":16},"end":{"line":7,"column":17}},"loc":{"start":{"line":7,"column":52},"end":{"line":18,"column":1}},"line":7},"1":{"name":"(anonymous_1)","decl":{"start":{"line":9,"column":32},"end":{"line":9,"column":33}},"loc":{"start":{"line":9,"column":42},"end":{"line":9,"column":58}},"line":9}},"branchMap":{},"s":{"0":1,"1":1,"2":5,"3":1,"4":1,"5":1,"6":1,"7":1},"f":{"0":1,"1":5},"b":{},"_coverageSchema":"1a1c01bbd47fc00a2c39e90264f33305004495a9","hash":"db86e6cefb382771a35c98e50aa66ba5f9496723"}
,"/home/myros/projects/javascript_playground/utils/groupByProperty.js": {"path":"/home/myros/projects/javascript_playground/utils/groupByProperty.js","statementMap":{"0":{"start":{"line":16,"column":24},"end":{"line":30,"column":1}},"1":{"start":{"line":17,"column":18},"end":{"line":17,"column":20}},"2":{"start":{"line":19,"column":2},"end":{"line":27,"column":5}},"3":{"start":{"line":20,"column":4},"end":{"line":26,"column":5}},"4":{"start":{"line":22,"column":6},"end":{"line":22,"column":35}},"5":{"start":{"line":25,"column":6},"end":{"line":25,"column":37}},"6":{"start":{"line":29,"column":2},"end":{"line":29,"column":17}}},"fnMap":{"0":{"name":"(anonymous_0)","decl":{"start":{"line":16,"column":24},"end":{"line":16,"column":25}},"loc":{"start":{"line":16,"column":38},"end":{"line":30,"column":1}},"line":16},"1":{"name":"(anonymous_1)","decl":{"start":{"line":19,"column":13},"end":{"line":19,"column":14}},"loc":{"start":{"line":19,"column":23},"end":{"line":27,"column":3}},"line":19}},"branchMap":{"0":{"loc":{"start":{"line":20,"column":4},"end":{"line":26,"column":5}},"type":"if","locations":[{"start":{"line":20,"column":4},"end":{"line":26,"column":5}},{"start":{"line":20,"column":4},"end":{"line":26,"column":5}}],"line":20}},"s":{"0":1,"1":1,"2":1,"3":4,"4":2,"5":2,"6":1},"f":{"0":1,"1":4},"b":{"0":[2,2]},"_coverageSchema":"1a1c01bbd47fc00a2c39e90264f33305004495a9","hash":"8488d63e7e3772e5fa2914c7c8d32fa30bce4a4c"}
,"/home/myros/projects/javascript_playground/utils/splitDate.js": {"path":"/home/myros/projects/javascript_playground/utils/splitDate.js","statementMap":{"0":{"start":{"line":2,"column":18},"end":{"line":15,"column":1}},"1":{"start":{"line":3,"column":19},"end":{"line":3,"column":34}},"2":{"start":{"line":5,"column":14},"end":{"line":5,"column":35}},"3":{"start":{"line":6,"column":16},"end":{"line":6,"column":37}},"4":{"start":{"line":7,"column":15},"end":{"line":7,"column":36}},"5":{"start":{"line":9,"column":15},"end":{"line":9,"column":79}},"6":{"start":{"line":10,"column":2},"end":{"line":12,"column":3}},"7":{"start":{"line":11,"column":4},"end":{"line":11,"column":88}},"8":{"start":{"line":14,"column":2},"end":{"line":14,"column":18}}},"fnMap":{"0":{"name":"(anonymous_0)","decl":{"start":{"line":2,"column":18},"end":{"line":2,"column":19}},"loc":{"start":{"line":2,"column":28},"end":{"line":15,"column":1}},"line":2}},"branchMap":{"0":{"loc":{"start":{"line":9,"column":15},"end":{"line":9,"column":79}},"type":"binary-expr","locations":[{"start":{"line":9,"column":15},"end":{"line":9,"column":25}},{"start":{"line":9,"column":29},"end":{"line":9,"column":41}},{"start":{"line":9,"column":45},"end":{"line":9,"column":56}},{"start":{"line":9,"column":60},"end":{"line":9,"column":79}}],"line":9},"1":{"loc":{"start":{"line":10,"column":2},"end":{"line":12,"column":3}},"type":"if","locations":[{"start":{"line":10,"column":2},"end":{"line":12,"column":3}},{"start":{"line":10,"column":2},"end":{"line":12,"column":3}}],"line":10}},"s":{"0":1,"1":4,"2":4,"3":4,"4":4,"5":4,"6":4,"7":3,"8":1},"f":{"0":4},"b":{"0":[4,3,3,1],"1":[3,1]},"_coverageSchema":"1a1c01bbd47fc00a2c39e90264f33305004495a9","hash":"6e05b620e80d5d8d539598245535e46d65f5558d"}
,"/home/myros/projects/javascript_playground/utils/sum.js": {"path":"/home/myros/projects/javascript_playground/utils/sum.js","statementMap":{"0":{"start":{"line":1,"column":12},"end":{"line":5,"column":1}},"1":{"start":{"line":2,"column":2},"end":{"line":4,"column":18}},"2":{"start":{"line":3,"column":4},"end":{"line":3,"column":55}},"3":{"start":{"line":3,"column":41},"end":{"line":3,"column":50}},"4":{"start":{"line":4,"column":9},"end":{"line":4,"column":18}}},"fnMap":{"0":{"name":"(anonymous_0)","decl":{"start":{"line":1,"column":12},"end":{"line":1,"column":13}},"loc":{"start":{"line":1,"column":24},"end":{"line":5,"column":1}},"line":1},"1":{"name":"(anonymous_1)","decl":{"start":{"line":3,"column":27},"end":{"line":3,"column":28}},"loc":{"start":{"line":3,"column":41},"end":{"line":3,"column":50}},"line":3}},"branchMap":{"0":{"loc":{"start":{"line":2,"column":2},"end":{"line":4,"column":18}},"type":"if","locations":[{"start":{"line":2,"column":2},"end":{"line":4,"column":18}},{"start":{"line":2,"column":2},"end":{"line":4,"column":18}}],"line":2}},"s":{"0":2,"1":3,"2":2,"3":9,"4":1},"f":{"0":3,"1":9},"b":{"0":[2,1]},"_coverageSchema":"1a1c01bbd47fc00a2c39e90264f33305004495a9","hash":"7cfb6106620dddc9373ccf8af79600675547f585"}
}
