{"/home/myros/Desktop/javascript_playground/utils/groupByProperty.js": {"path":"/home/myros/Desktop/javascript_playground/utils/groupByProperty.js","statementMap":{"0":{"start":{"line":16,"column":24},"end":{"line":31,"column":1}},"1":{"start":{"line":17,"column":18},"end":{"line":17,"column":20}},"2":{"start":{"line":19,"column":2},"end":{"line":27,"column":5}},"3":{"start":{"line":20,"column":4},"end":{"line":26,"column":5}},"4":{"start":{"line":22,"column":6},"end":{"line":22,"column":35}},"5":{"start":{"line":25,"column":6},"end":{"line":25,"column":37}},"6":{"start":{"line":30,"column":2},"end":{"line":30,"column":17}}},"fnMap":{"0":{"name":"(anonymous_0)","decl":{"start":{"line":16,"column":24},"end":{"line":16,"column":25}},"loc":{"start":{"line":16,"column":38},"end":{"line":31,"column":1}},"line":16},"1":{"name":"(anonymous_1)","decl":{"start":{"line":19,"column":13},"end":{"line":19,"column":14}},"loc":{"start":{"line":19,"column":23},"end":{"line":27,"column":3}},"line":19}},"branchMap":{"0":{"loc":{"start":{"line":20,"column":4},"end":{"line":26,"column":5}},"type":"if","locations":[{"start":{"line":20,"column":4},"end":{"line":26,"column":5}},{"start":{"line":20,"column":4},"end":{"line":26,"column":5}}],"line":20}},"s":{"0":1,"1":0,"2":0,"3":0,"4":0,"5":0,"6":0},"f":{"0":0,"1":0},"b":{"0":[0,0]},"_coverageSchema":"1a1c01bbd47fc00a2c39e90264f33305004495a9","hash":"b360e5847c79e0e488179babaae9346b49d22f7f"}
,"/home/myros/Desktop/javascript_playground/utils/sum.js": {"path":"/home/myros/Desktop/javascript_playground/utils/sum.js","statementMap":{"0":{"start":{"line":1,"column":12},"end":{"line":7,"column":1}},"1":{"start":{"line":2,"column":15},"end":{"line":2,"column":23}},"2":{"start":{"line":3,"column":2},"end":{"line":3,"column":28}},"3":{"start":{"line":4,"column":2},"end":{"line":6,"column":18}},"4":{"start":{"line":5,"column":4},"end":{"line":5,"column":55}},"5":{"start":{"line":5,"column":41},"end":{"line":5,"column":50}},"6":{"start":{"line":6,"column":9},"end":{"line":6,"column":18}}},"fnMap":{"0":{"name":"(anonymous_0)","decl":{"start":{"line":1,"column":12},"end":{"line":1,"column":13}},"loc":{"start":{"line":1,"column":24},"end":{"line":7,"column":1}},"line":1},"1":{"name":"(anonymous_1)","decl":{"start":{"line":5,"column":27},"end":{"line":5,"column":28}},"loc":{"start":{"line":5,"column":41},"end":{"line":5,"column":50}},"line":5}},"branchMap":{"0":{"loc":{"start":{"line":4,"column":2},"end":{"line":6,"column":18}},"type":"if","locations":[{"start":{"line":4,"column":2},"end":{"line":6,"column":18}},{"start":{"line":4,"column":2},"end":{"line":6,"column":18}}],"line":4}},"s":{"0":1,"1":2,"2":2,"3":2,"4":1,"5":4,"6":1},"f":{"0":2,"1":4},"b":{"0":[1,1]},"_coverageSchema":"1a1c01bbd47fc00a2c39e90264f33305004495a9","hash":"5d96aadb8b155377ef2d3613bf536760b0f95775"}
}
