TN:
SF:utils/addMean.js
FN:7,(anonymous_0)
FN:9,(anonymous_1)
FNF:2
FNH:2
FNDA:1,(anonymous_0)
FNDA:5,(anonymous_1)
DA:7,1
DA:9,5
DA:11,1
DA:12,1
DA:15,1
DA:16,1
DA:17,1
LF:7
LH:7
BRF:0
BRH:0
end_of_record
TN:
SF:utils/groupByProperty.js
FN:16,(anonymous_0)
FN:19,(anonymous_1)
FNF:2
FNH:2
FNDA:1,(anonymous_0)
FNDA:4,(anonymous_1)
DA:16,1
DA:17,1
DA:19,1
DA:20,4
DA:22,2
DA:25,2
DA:29,1
LF:7
LH:7
BRDA:20,0,0,2
BRDA:20,0,1,2
BRF:2
BRH:2
end_of_record
TN:
SF:utils/splitDate.js
FN:2,(anonymous_0)
FNF:1
FNH:1
FNDA:4,(anonymous_0)
DA:2,1
DA:3,4
DA:5,4
DA:6,4
DA:7,4
DA:9,4
DA:10,4
DA:11,3
DA:14,1
LF:9
LH:9
BRDA:9,0,0,4
BRDA:9,0,1,3
BRDA:9,0,2,3
BRDA:9,0,3,1
BRDA:10,1,0,3
BRDA:10,1,1,1
BRF:6
BRH:6
end_of_record
TN:
SF:utils/sum.js
FN:1,(anonymous_0)
FN:3,(anonymous_1)
FNF:2
FNH:2
FNDA:3,(anonymous_0)
FNDA:9,(anonymous_1)
DA:1,2
DA:2,3
DA:3,9
DA:4,1
LF:4
LH:4
BRDA:2,0,0,2
BRDA:2,0,1,1
BRF:2
BRH:2
end_of_record
